  Building Custom Rule C:/Users/Вячеслав/source/repos/OOP_lab3/CMakeLists.txt
  CMake does not need to re-run because C:/Users/╨Т╤П╤З╨╡╤Б╨╗╨░╨▓/source/repos/OOP_lab3/build/CMakeFiles/generate.stamp is up-to-date.
  main.cpp
  wav_core.cpp
C:\Users\Вячеслав\source\repos\OOP_lab3\src\wav_core.cpp(17): warning C4996: 'fopen': This function or variable may be unsafe. Consider using fopen_s instead. To disable deprecation, use _CRT_SECURE_NO_WARNINGS. See online help for details.
  C:\Program Files (x86)\Windows Kits\10\Include\10.0.10240.0\ucrt\stdio.h(205): note:  см. объявление "fopen"
C:\Users\Вячеслав\source\repos\OOP_lab3\src\wav_core.cpp(99): warning C4018: <: несоответствие типов со знаком и без знака
C:\Users\Вячеслав\source\repos\OOP_lab3\src\wav_core.cpp(71): warning C4996: 'fopen': This function or variable may be unsafe. Consider using fopen_s instead. To disable deprecation, use _CRT_SECURE_NO_WARNINGS. See online help for details.
  C:\Program Files (x86)\Windows Kits\10\Include\10.0.10240.0\ucrt\stdio.h(205): note:  см. объявление "fopen"
C:\Users\Вячеслав\source\repos\OOP_lab3\src\wav_core.cpp(252): warning C4018: <: несоответствие типов со знаком и без знака
C:\Users\Вячеслав\source\repos\OOP_lab3\src\wav_core.cpp(268): warning C4018: <: несоответствие типов со знаком и без знака
C:\Users\Вячеслав\source\repos\OOP_lab3\src\wav_core.cpp(273): warning C4996: 'fopen': This function or variable may be unsafe. Consider using fopen_s instead. To disable deprecation, use _CRT_SECURE_NO_WARNINGS. See online help for details.
  C:\Program Files (x86)\Windows Kits\10\Include\10.0.10240.0\ucrt\stdio.h(205): note:  см. объявление "fopen"
C:\Users\Вячеслав\source\repos\OOP_lab3\src\wav_core.cpp(301): warning C4018: <: несоответствие типов со знаком и без знака
C:\Users\Вячеслав\source\repos\OOP_lab3\src\wav_core.cpp(312): warning C4018: <: несоответствие типов со знаком и без знака
  wav.cpp
C:\Users\Вячеслав\source\repos\OOP_lab3\src\wav.cpp(10): error C2248: Exc_IO::Exc_IO: невозможно обратиться к private член, объявленному в классе "Exc_IO"
  c:\users\вячеслав\source\repos\oop_lab3\src\WavExceptions.h(17): note:  см. объявление "Exc_IO::Exc_IO"
  c:\users\вячеслав\source\repos\oop_lab3\src\WavExceptions.h(16): note:  см. объявление "Exc_IO"
C:\Users\Вячеслав\source\repos\OOP_lab3\src\wav.cpp(16): error C2248: ExcBadFormat::ExcBadFormat: невозможно обратиться к private член, объявленному в классе "ExcBadFormat"
  c:\users\вячеслав\source\repos\oop_lab3\src\WavExceptions.h(20): note:  см. объявление "ExcBadFormat::ExcBadFormat"
  c:\users\вячеслав\source\repos\oop_lab3\src\WavExceptions.h(19): note:  см. объявление "ExcBadFormat"
C:\Users\Вячеслав\source\repos\OOP_lab3\src\wav.cpp(5): warning C4477: "printf": в строке форматирования "%s" требуется аргумент типа "char *", но вариативный аргумент "1" имеет тип "const std::string"
C:\Users\Вячеслав\source\repos\OOP_lab3\src\wav.cpp(8): warning C4996: 'fopen': This function or variable may be unsafe. Consider using fopen_s instead. To disable deprecation, use _CRT_SECURE_NO_WARNINGS. See online help for details.
  C:\Program Files (x86)\Windows Kits\10\Include\10.0.10240.0\ucrt\stdio.h(205): note:  см. объявление "fopen"
C:\Users\Вячеслав\source\repos\OOP_lab3\src\wav.cpp(40): error C2065: HEADER_RIFF_ERROR: необъявленный идентификатор
C:\Users\Вячеслав\source\repos\OOP_lab3\src\wav.cpp(43): error C2065: file_size_bytes: необъявленный идентификатор
C:\Users\Вячеслав\source\repos\OOP_lab3\src\wav.cpp(45): error C2065: HEADER_FILE_SIZE_ERROR: необъявленный идентификатор
C:\Users\Вячеслав\source\repos\OOP_lab3\src\wav.cpp(54): error C2065: HEADER_WAVE_ERROR: необъявленный идентификатор
C:\Users\Вячеслав\source\repos\OOP_lab3\src\wav.cpp(63): error C2065: HEADER_FMT_ERROR: необъявленный идентификатор
C:\Users\Вячеслав\source\repos\OOP_lab3\src\wav.cpp(68): error C2065: HEADER_NOT_PCM: необъявленный идентификатор
C:\Users\Вячеслав\source\repos\OOP_lab3\src\wav.cpp(73): error C2065: HEADER_SUBCHUNK1_ERROR: необъявленный идентификатор
C:\Users\Вячеслав\source\repos\OOP_lab3\src\wav.cpp(78): error C2065: HEADER_BYTES_RATE_ERROR: необъявленный идентификатор
C:\Users\Вячеслав\source\repos\OOP_lab3\src\wav.cpp(83): error C2065: HEADER_BLOCK_ALIGN_ERROR: необъявленный идентификатор
C:\Users\Вячеслав\source\repos\OOP_lab3\src\wav.cpp(92): error C2065: HEADER_FMT_ERROR: необъявленный идентификатор
C:\Users\Вячеслав\source\repos\OOP_lab3\src\wav.cpp(95): error C2065: file_size_bytes: необъявленный идентификатор
C:\Users\Вячеслав\source\repos\OOP_lab3\src\wav.cpp(98): error C2065: HEADER_SUBCHUNK2_SIZE_ERROR: необъявленный идентификатор
C:\Users\Вячеслав\source\repos\OOP_lab3\src\wav.cpp(101): error C2065: HEADER_OK: необъявленный идентификатор
C:\Users\Вячеслав\source\repos\OOP_lab3\src\wav.cpp(122): error C2065: UNSUPPORTED_FORMAT: необъявленный идентификатор
C:\Users\Вячеслав\source\repos\OOP_lab3\src\wav.cpp(127): error C2065: IO_ERROR: необъявленный идентификатор
C:\Users\Вячеслав\source\repos\OOP_lab3\src\wav.cpp(140): error C2065: IO_ERROR: необъявленный идентификатор
C:\Users\Вячеслав\source\repos\OOP_lab3\src\wav.cpp(153): warning C4018: <: несоответствие типов со знаком и без знака
C:\Users\Вячеслав\source\repos\OOP_lab3\src\wav.cpp(157): error C2065: WAV_OK: необъявленный идентификатор
C:\Users\Вячеслав\source\repos\OOP_lab3\src\wav.cpp(125): warning C4996: 'fopen': This function or variable may be unsafe. Consider using fopen_s instead. To disable deprecation, use _CRT_SECURE_NO_WARNINGS. See online help for details.
  C:\Program Files (x86)\Windows Kits\10\Include\10.0.10240.0\ucrt\stdio.h(205): note:  см. объявление "fopen"
C:\Users\Вячеслав\source\repos\OOP_lab3\src\wav.cpp(167): error C2065: BAD_PARAMS: необъявленный идентификатор
C:\Users\Вячеслав\source\repos\OOP_lab3\src\wav.cpp(170): error C2065: chdata: необъявленный идентификатор
C:\Users\Вячеслав\source\repos\OOP_lab3\src\wav.cpp(170): error C2228: выражение слева от ".size" должно представлять класс, структуру или объединение
C:\Users\Вячеслав\source\repos\OOP_lab3\src\wav.cpp(173): warning C4018: <: несоответствие типов со знаком и без знака
C:\Users\Вячеслав\source\repos\OOP_lab3\src\wav.cpp(174): error C2065: chdata: необъявленный идентификатор
C:\Users\Вячеслав\source\repos\OOP_lab3\src\wav.cpp(174): error C2228: выражение слева от ".size" должно представлять класс, структуру или объединение
C:\Users\Вячеслав\source\repos\OOP_lab3\src\wav.cpp(175): error C2065: BAD_PARAMS: необъявленный идентификатор
C:\Users\Вячеслав\source\repos\OOP_lab3\src\wav.cpp(180): error C2065: err: необъявленный идентификатор
C:\Users\Вячеслав\source\repos\OOP_lab3\src\wav.cpp(180): error C2065: WAV_OK: необъявленный идентификатор
C:\Users\Вячеслав\source\repos\OOP_lab3\src\wav.cpp(181): error C2065: err: необъявленный идентификатор
C:\Users\Вячеслав\source\repos\OOP_lab3\src\wav.cpp(189): warning C4018: <: несоответствие типов со знаком и без знака
C:\Users\Вячеслав\source\repos\OOP_lab3\src\wav.cpp(198): error C2065: IO_ERROR: необъявленный идентификатор
C:\Users\Вячеслав\source\repos\OOP_lab3\src\wav.cpp(203): error C2065: WAV_OK: необъявленный идентификатор
C:\Users\Вячеслав\source\repos\OOP_lab3\src\wav.cpp(194): warning C4996: 'fopen': This function or variable may be unsafe. Consider using fopen_s instead. To disable deprecation, use _CRT_SECURE_NO_WARNINGS. See online help for details.
  C:\Program Files (x86)\Windows Kits\10\Include\10.0.10240.0\ucrt\stdio.h(205): note:  см. объявление "fopen"
C:\Users\Вячеслав\source\repos\OOP_lab3\src\wav.cpp(211): error C2065: BAD_PARAMS: необъявленный идентификатор
C:\Users\Вячеслав\source\repos\OOP_lab3\src\wav.cpp(217): warning C4018: <: несоответствие типов со знаком и без знака
C:\Users\Вячеслав\source\repos\OOP_lab3\src\wav.cpp(219): error C2065: BAD_PARAMS: необъявленный идентификатор
C:\Users\Вячеслав\source\repos\OOP_lab3\src\wav.cpp(228): warning C4018: <: несоответствие типов со знаком и без знака
C:\Users\Вячеслав\source\repos\OOP_lab3\src\wav.cpp(233): error C2065: WAV_OK: необъявленный идентификатор
C:\Users\Вячеслав\source\repos\OOP_lab3\src\wav.cpp(239): error C2065: UNSUPPORTED_FORMAT: необъявленный идентификатор
C:\Users\Вячеслав\source\repos\OOP_lab3\src\wav.cpp(243): error C2065: BAD_PARAMS: необъявленный идентификатор
C:\Users\Вячеслав\source\repos\OOP_lab3\src\wav.cpp(258): error C2065: WAV_OK: необъявленный идентификатор
  Создание кода...
